<?xml version="1.0" encoding="UTF-8"?>
<testsuite xmlns:xsi="http://www.w3.org/2001/XMLSchema-instance" xsi:noNamespaceSchemaLocation="https://maven.apache.org/surefire/maven-surefire-plugin/xsd/surefire-test-report.xsd" name="com.example.eventsapp.controller.CategoryControllerTest" time="0.204" tests="10" errors="4" skipped="0" failures="0">
  <properties>
    <property name="java.specification.version" value="24"/>
    <property name="sun.jnu.encoding" value="UTF-8"/>
    <property name="java.class.path" value="/Users/Rashad_Javadov/events-backend/target/test-classes:/Users/Rashad_Javadov/events-backend/target/classes:/Users/Rashad_Javadov/.m2/repository/org/springframework/boot/spring-boot-starter-web/2.7.18/spring-boot-starter-web-2.7.18.jar:/Users/Rashad_Javadov/.m2/repository/org/springframework/boot/spring-boot-starter/2.7.18/spring-boot-starter-2.7.18.jar:/Users/Rashad_Javadov/.m2/repository/org/springframework/boot/spring-boot/2.7.18/spring-boot-2.7.18.jar:/Users/Rashad_Javadov/.m2/repository/org/springframework/boot/spring-boot-autoconfigure/2.7.18/spring-boot-autoconfigure-2.7.18.jar:/Users/Rashad_Javadov/.m2/repository/org/springframework/boot/spring-boot-starter-logging/2.7.18/spring-boot-starter-logging-2.7.18.jar:/Users/Rashad_Javadov/.m2/repository/ch/qos/logback/logback-classic/1.2.12/logback-classic-1.2.12.jar:/Users/Rashad_Javadov/.m2/repository/ch/qos/logback/logback-core/1.2.12/logback-core-1.2.12.jar:/Users/Rashad_Javadov/.m2/repository/org/apache/logging/log4j/log4j-to-slf4j/2.17.2/log4j-to-slf4j-2.17.2.jar:/Users/Rashad_Javadov/.m2/repository/org/apache/logging/log4j/log4j-api/2.17.2/log4j-api-2.17.2.jar:/Users/Rashad_Javadov/.m2/repository/org/slf4j/jul-to-slf4j/1.7.36/jul-to-slf4j-1.7.36.jar:/Users/Rashad_Javadov/.m2/repository/jakarta/annotation/jakarta.annotation-api/1.3.5/jakarta.annotation-api-1.3.5.jar:/Users/Rashad_Javadov/.m2/repository/org/yaml/snakeyaml/1.30/snakeyaml-1.30.jar:/Users/Rashad_Javadov/.m2/repository/org/springframework/boot/spring-boot-starter-json/2.7.18/spring-boot-starter-json-2.7.18.jar:/Users/Rashad_Javadov/.m2/repository/com/fasterxml/jackson/core/jackson-databind/2.13.5/jackson-databind-2.13.5.jar:/Users/Rashad_Javadov/.m2/repository/com/fasterxml/jackson/core/jackson-annotations/2.13.5/jackson-annotations-2.13.5.jar:/Users/Rashad_Javadov/.m2/repository/com/fasterxml/jackson/core/jackson-core/2.13.5/jackson-core-2.13.5.jar:/Users/Rashad_Javadov/.m2/repository/com/fasterxml/jackson/datatype/jackson-datatype-jdk8/2.13.5/jackson-datatype-jdk8-2.13.5.jar:/Users/Rashad_Javadov/.m2/repository/com/fasterxml/jackson/datatype/jackson-datatype-jsr310/2.13.5/jackson-datatype-jsr310-2.13.5.jar:/Users/Rashad_Javadov/.m2/repository/com/fasterxml/jackson/module/jackson-module-parameter-names/2.13.5/jackson-module-parameter-names-2.13.5.jar:/Users/Rashad_Javadov/.m2/repository/org/springframework/boot/spring-boot-starter-tomcat/2.7.18/spring-boot-starter-tomcat-2.7.18.jar:/Users/Rashad_Javadov/.m2/repository/org/apache/tomcat/embed/tomcat-embed-core/9.0.83/tomcat-embed-core-9.0.83.jar:/Users/Rashad_Javadov/.m2/repository/org/apache/tomcat/embed/tomcat-embed-el/9.0.83/tomcat-embed-el-9.0.83.jar:/Users/Rashad_Javadov/.m2/repository/org/apache/tomcat/embed/tomcat-embed-websocket/9.0.83/tomcat-embed-websocket-9.0.83.jar:/Users/Rashad_Javadov/.m2/repository/org/springframework/spring-web/5.3.31/spring-web-5.3.31.jar:/Users/Rashad_Javadov/.m2/repository/org/springframework/spring-beans/5.3.31/spring-beans-5.3.31.jar:/Users/Rashad_Javadov/.m2/repository/org/springframework/spring-webmvc/5.3.31/spring-webmvc-5.3.31.jar:/Users/Rashad_Javadov/.m2/repository/org/springframework/spring-aop/5.3.31/spring-aop-5.3.31.jar:/Users/Rashad_Javadov/.m2/repository/org/springframework/spring-context/5.3.31/spring-context-5.3.31.jar:/Users/Rashad_Javadov/.m2/repository/org/springframework/spring-expression/5.3.31/spring-expression-5.3.31.jar:/Users/Rashad_Javadov/.m2/repository/org/springframework/boot/spring-boot-starter-data-jpa/2.7.18/spring-boot-starter-data-jpa-2.7.18.jar:/Users/Rashad_Javadov/.m2/repository/org/springframework/boot/spring-boot-starter-aop/2.7.18/spring-boot-starter-aop-2.7.18.jar:/Users/Rashad_Javadov/.m2/repository/org/aspectj/aspectjweaver/1.9.7/aspectjweaver-1.9.7.jar:/Users/Rashad_Javadov/.m2/repository/org/springframework/boot/spring-boot-starter-jdbc/2.7.18/spring-boot-starter-jdbc-2.7.18.jar:/Users/Rashad_Javadov/.m2/repository/com/zaxxer/HikariCP/4.0.3/HikariCP-4.0.3.jar:/Users/Rashad_Javadov/.m2/repository/org/springframework/spring-jdbc/5.3.31/spring-jdbc-5.3.31.jar:/Users/Rashad_Javadov/.m2/repository/jakarta/transaction/jakarta.transaction-api/1.3.3/jakarta.transaction-api-1.3.3.jar:/Users/Rashad_Javadov/.m2/repository/jakarta/persistence/jakarta.persistence-api/2.2.3/jakarta.persistence-api-2.2.3.jar:/Users/Rashad_Javadov/.m2/repository/org/hibernate/hibernate-core/5.6.15.Final/hibernate-core-5.6.15.Final.jar:/Users/Rashad_Javadov/.m2/repository/org/jboss/logging/jboss-logging/3.4.3.Final/jboss-logging-3.4.3.Final.jar:/Users/Rashad_Javadov/.m2/repository/net/bytebuddy/byte-buddy/1.12.23/byte-buddy-1.12.23.jar:/Users/Rashad_Javadov/.m2/repository/antlr/antlr/2.7.7/antlr-2.7.7.jar:/Users/Rashad_Javadov/.m2/repository/org/jboss/jandex/2.4.2.Final/jandex-2.4.2.Final.jar:/Users/Rashad_Javadov/.m2/repository/com/fasterxml/classmate/1.5.1/classmate-1.5.1.jar:/Users/Rashad_Javadov/.m2/repository/org/hibernate/common/hibernate-commons-annotations/5.1.2.Final/hibernate-commons-annotations-5.1.2.Final.jar:/Users/Rashad_Javadov/.m2/repository/org/glassfish/jaxb/jaxb-runtime/2.3.9/jaxb-runtime-2.3.9.jar:/Users/Rashad_Javadov/.m2/repository/org/glassfish/jaxb/txw2/2.3.9/txw2-2.3.9.jar:/Users/Rashad_Javadov/.m2/repository/com/sun/istack/istack-commons-runtime/3.0.12/istack-commons-runtime-3.0.12.jar:/Users/Rashad_Javadov/.m2/repository/com/sun/activation/jakarta.activation/1.2.2/jakarta.activation-1.2.2.jar:/Users/Rashad_Javadov/.m2/repository/org/springframework/data/spring-data-jpa/2.7.18/spring-data-jpa-2.7.18.jar:/Users/Rashad_Javadov/.m2/repository/org/springframework/data/spring-data-commons/2.7.18/spring-data-commons-2.7.18.jar:/Users/Rashad_Javadov/.m2/repository/org/springframework/spring-orm/5.3.31/spring-orm-5.3.31.jar:/Users/Rashad_Javadov/.m2/repository/org/springframework/spring-tx/5.3.31/spring-tx-5.3.31.jar:/Users/Rashad_Javadov/.m2/repository/org/slf4j/slf4j-api/1.7.36/slf4j-api-1.7.36.jar:/Users/Rashad_Javadov/.m2/repository/org/springframework/spring-aspects/5.3.31/spring-aspects-5.3.31.jar:/Users/Rashad_Javadov/.m2/repository/com/h2database/h2/2.1.214/h2-2.1.214.jar:/Users/Rashad_Javadov/.m2/repository/org/springframework/boot/spring-boot-starter-test/2.7.18/spring-boot-starter-test-2.7.18.jar:/Users/Rashad_Javadov/.m2/repository/org/springframework/boot/spring-boot-test/2.7.18/spring-boot-test-2.7.18.jar:/Users/Rashad_Javadov/.m2/repository/org/springframework/boot/spring-boot-test-autoconfigure/2.7.18/spring-boot-test-autoconfigure-2.7.18.jar:/Users/Rashad_Javadov/.m2/repository/com/jayway/jsonpath/json-path/2.7.0/json-path-2.7.0.jar:/Users/Rashad_Javadov/.m2/repository/net/minidev/json-smart/2.4.11/json-smart-2.4.11.jar:/Users/Rashad_Javadov/.m2/repository/net/minidev/accessors-smart/2.4.11/accessors-smart-2.4.11.jar:/Users/Rashad_Javadov/.m2/repository/org/ow2/asm/asm/9.3/asm-9.3.jar:/Users/Rashad_Javadov/.m2/repository/jakarta/xml/bind/jakarta.xml.bind-api/2.3.3/jakarta.xml.bind-api-2.3.3.jar:/Users/Rashad_Javadov/.m2/repository/jakarta/activation/jakarta.activation-api/1.2.2/jakarta.activation-api-1.2.2.jar:/Users/Rashad_Javadov/.m2/repository/org/assertj/assertj-core/3.22.0/assertj-core-3.22.0.jar:/Users/Rashad_Javadov/.m2/repository/org/hamcrest/hamcrest/2.2/hamcrest-2.2.jar:/Users/Rashad_Javadov/.m2/repository/org/junit/jupiter/junit-jupiter/5.8.2/junit-jupiter-5.8.2.jar:/Users/Rashad_Javadov/.m2/repository/org/junit/jupiter/junit-jupiter-api/5.8.2/junit-jupiter-api-5.8.2.jar:/Users/Rashad_Javadov/.m2/repository/org/opentest4j/opentest4j/1.2.0/opentest4j-1.2.0.jar:/Users/Rashad_Javadov/.m2/repository/org/junit/platform/junit-platform-commons/1.8.2/junit-platform-commons-1.8.2.jar:/Users/Rashad_Javadov/.m2/repository/org/apiguardian/apiguardian-api/1.1.2/apiguardian-api-1.1.2.jar:/Users/Rashad_Javadov/.m2/repository/org/junit/jupiter/junit-jupiter-params/5.8.2/junit-jupiter-params-5.8.2.jar:/Users/Rashad_Javadov/.m2/repository/org/junit/jupiter/junit-jupiter-engine/5.8.2/junit-jupiter-engine-5.8.2.jar:/Users/Rashad_Javadov/.m2/repository/org/junit/platform/junit-platform-engine/1.8.2/junit-platform-engine-1.8.2.jar:/Users/Rashad_Javadov/.m2/repository/org/mockito/mockito-core/4.5.1/mockito-core-4.5.1.jar:/Users/Rashad_Javadov/.m2/repository/net/bytebuddy/byte-buddy-agent/1.12.23/byte-buddy-agent-1.12.23.jar:/Users/Rashad_Javadov/.m2/repository/org/objenesis/objenesis/3.2/objenesis-3.2.jar:/Users/Rashad_Javadov/.m2/repository/org/mockito/mockito-junit-jupiter/4.5.1/mockito-junit-jupiter-4.5.1.jar:/Users/Rashad_Javadov/.m2/repository/org/skyscreamer/jsonassert/1.5.1/jsonassert-1.5.1.jar:/Users/Rashad_Javadov/.m2/repository/com/vaadin/external/google/android-json/0.0.20131108.vaadin1/android-json-0.0.20131108.vaadin1.jar:/Users/Rashad_Javadov/.m2/repository/org/springframework/spring-core/5.3.31/spring-core-5.3.31.jar:/Users/Rashad_Javadov/.m2/repository/org/springframework/spring-jcl/5.3.31/spring-jcl-5.3.31.jar:/Users/Rashad_Javadov/.m2/repository/org/springframework/spring-test/5.3.31/spring-test-5.3.31.jar:/Users/Rashad_Javadov/.m2/repository/org/xmlunit/xmlunit-core/2.9.1/xmlunit-core-2.9.1.jar:"/>
    <property name="java.vm.vendor" value="Homebrew"/>
    <property name="sun.arch.data.model" value="64"/>
    <property name="java.vendor.url" value="https://github.com/Homebrew/homebrew-core/issues"/>
    <property name="os.name" value="Mac OS X"/>
    <property name="java.vm.specification.version" value="24"/>
    <property name="sun.java.launcher" value="SUN_STANDARD"/>
    <property name="user.country" value="US"/>
    <property name="sun.boot.library.path" value="/opt/homebrew/Cellar/openjdk/24.0.1/libexec/openjdk.jdk/Contents/Home/lib"/>
    <property name="sun.java.command" value="/Users/Rashad_Javadov/events-backend/target/surefire/surefirebooter18027888339183033496.jar /Users/Rashad_Javadov/events-backend/target/surefire 2025-06-29T19-44-29_995-jvmRun1 surefire5430338674642213290tmp surefire_016463627854265786836tmp"/>
    <property name="jdk.debug" value="release"/>
    <property name="surefire.test.class.path" value="/Users/Rashad_Javadov/events-backend/target/test-classes:/Users/Rashad_Javadov/events-backend/target/classes:/Users/Rashad_Javadov/.m2/repository/org/springframework/boot/spring-boot-starter-web/2.7.18/spring-boot-starter-web-2.7.18.jar:/Users/Rashad_Javadov/.m2/repository/org/springframework/boot/spring-boot-starter/2.7.18/spring-boot-starter-2.7.18.jar:/Users/Rashad_Javadov/.m2/repository/org/springframework/boot/spring-boot/2.7.18/spring-boot-2.7.18.jar:/Users/Rashad_Javadov/.m2/repository/org/springframework/boot/spring-boot-autoconfigure/2.7.18/spring-boot-autoconfigure-2.7.18.jar:/Users/Rashad_Javadov/.m2/repository/org/springframework/boot/spring-boot-starter-logging/2.7.18/spring-boot-starter-logging-2.7.18.jar:/Users/Rashad_Javadov/.m2/repository/ch/qos/logback/logback-classic/1.2.12/logback-classic-1.2.12.jar:/Users/Rashad_Javadov/.m2/repository/ch/qos/logback/logback-core/1.2.12/logback-core-1.2.12.jar:/Users/Rashad_Javadov/.m2/repository/org/apache/logging/log4j/log4j-to-slf4j/2.17.2/log4j-to-slf4j-2.17.2.jar:/Users/Rashad_Javadov/.m2/repository/org/apache/logging/log4j/log4j-api/2.17.2/log4j-api-2.17.2.jar:/Users/Rashad_Javadov/.m2/repository/org/slf4j/jul-to-slf4j/1.7.36/jul-to-slf4j-1.7.36.jar:/Users/Rashad_Javadov/.m2/repository/jakarta/annotation/jakarta.annotation-api/1.3.5/jakarta.annotation-api-1.3.5.jar:/Users/Rashad_Javadov/.m2/repository/org/yaml/snakeyaml/1.30/snakeyaml-1.30.jar:/Users/Rashad_Javadov/.m2/repository/org/springframework/boot/spring-boot-starter-json/2.7.18/spring-boot-starter-json-2.7.18.jar:/Users/Rashad_Javadov/.m2/repository/com/fasterxml/jackson/core/jackson-databind/2.13.5/jackson-databind-2.13.5.jar:/Users/Rashad_Javadov/.m2/repository/com/fasterxml/jackson/core/jackson-annotations/2.13.5/jackson-annotations-2.13.5.jar:/Users/Rashad_Javadov/.m2/repository/com/fasterxml/jackson/core/jackson-core/2.13.5/jackson-core-2.13.5.jar:/Users/Rashad_Javadov/.m2/repository/com/fasterxml/jackson/datatype/jackson-datatype-jdk8/2.13.5/jackson-datatype-jdk8-2.13.5.jar:/Users/Rashad_Javadov/.m2/repository/com/fasterxml/jackson/datatype/jackson-datatype-jsr310/2.13.5/jackson-datatype-jsr310-2.13.5.jar:/Users/Rashad_Javadov/.m2/repository/com/fasterxml/jackson/module/jackson-module-parameter-names/2.13.5/jackson-module-parameter-names-2.13.5.jar:/Users/Rashad_Javadov/.m2/repository/org/springframework/boot/spring-boot-starter-tomcat/2.7.18/spring-boot-starter-tomcat-2.7.18.jar:/Users/Rashad_Javadov/.m2/repository/org/apache/tomcat/embed/tomcat-embed-core/9.0.83/tomcat-embed-core-9.0.83.jar:/Users/Rashad_Javadov/.m2/repository/org/apache/tomcat/embed/tomcat-embed-el/9.0.83/tomcat-embed-el-9.0.83.jar:/Users/Rashad_Javadov/.m2/repository/org/apache/tomcat/embed/tomcat-embed-websocket/9.0.83/tomcat-embed-websocket-9.0.83.jar:/Users/Rashad_Javadov/.m2/repository/org/springframework/spring-web/5.3.31/spring-web-5.3.31.jar:/Users/Rashad_Javadov/.m2/repository/org/springframework/spring-beans/5.3.31/spring-beans-5.3.31.jar:/Users/Rashad_Javadov/.m2/repository/org/springframework/spring-webmvc/5.3.31/spring-webmvc-5.3.31.jar:/Users/Rashad_Javadov/.m2/repository/org/springframework/spring-aop/5.3.31/spring-aop-5.3.31.jar:/Users/Rashad_Javadov/.m2/repository/org/springframework/spring-context/5.3.31/spring-context-5.3.31.jar:/Users/Rashad_Javadov/.m2/repository/org/springframework/spring-expression/5.3.31/spring-expression-5.3.31.jar:/Users/Rashad_Javadov/.m2/repository/org/springframework/boot/spring-boot-starter-data-jpa/2.7.18/spring-boot-starter-data-jpa-2.7.18.jar:/Users/Rashad_Javadov/.m2/repository/org/springframework/boot/spring-boot-starter-aop/2.7.18/spring-boot-starter-aop-2.7.18.jar:/Users/Rashad_Javadov/.m2/repository/org/aspectj/aspectjweaver/1.9.7/aspectjweaver-1.9.7.jar:/Users/Rashad_Javadov/.m2/repository/org/springframework/boot/spring-boot-starter-jdbc/2.7.18/spring-boot-starter-jdbc-2.7.18.jar:/Users/Rashad_Javadov/.m2/repository/com/zaxxer/HikariCP/4.0.3/HikariCP-4.0.3.jar:/Users/Rashad_Javadov/.m2/repository/org/springframework/spring-jdbc/5.3.31/spring-jdbc-5.3.31.jar:/Users/Rashad_Javadov/.m2/repository/jakarta/transaction/jakarta.transaction-api/1.3.3/jakarta.transaction-api-1.3.3.jar:/Users/Rashad_Javadov/.m2/repository/jakarta/persistence/jakarta.persistence-api/2.2.3/jakarta.persistence-api-2.2.3.jar:/Users/Rashad_Javadov/.m2/repository/org/hibernate/hibernate-core/5.6.15.Final/hibernate-core-5.6.15.Final.jar:/Users/Rashad_Javadov/.m2/repository/org/jboss/logging/jboss-logging/3.4.3.Final/jboss-logging-3.4.3.Final.jar:/Users/Rashad_Javadov/.m2/repository/net/bytebuddy/byte-buddy/1.12.23/byte-buddy-1.12.23.jar:/Users/Rashad_Javadov/.m2/repository/antlr/antlr/2.7.7/antlr-2.7.7.jar:/Users/Rashad_Javadov/.m2/repository/org/jboss/jandex/2.4.2.Final/jandex-2.4.2.Final.jar:/Users/Rashad_Javadov/.m2/repository/com/fasterxml/classmate/1.5.1/classmate-1.5.1.jar:/Users/Rashad_Javadov/.m2/repository/org/hibernate/common/hibernate-commons-annotations/5.1.2.Final/hibernate-commons-annotations-5.1.2.Final.jar:/Users/Rashad_Javadov/.m2/repository/org/glassfish/jaxb/jaxb-runtime/2.3.9/jaxb-runtime-2.3.9.jar:/Users/Rashad_Javadov/.m2/repository/org/glassfish/jaxb/txw2/2.3.9/txw2-2.3.9.jar:/Users/Rashad_Javadov/.m2/repository/com/sun/istack/istack-commons-runtime/3.0.12/istack-commons-runtime-3.0.12.jar:/Users/Rashad_Javadov/.m2/repository/com/sun/activation/jakarta.activation/1.2.2/jakarta.activation-1.2.2.jar:/Users/Rashad_Javadov/.m2/repository/org/springframework/data/spring-data-jpa/2.7.18/spring-data-jpa-2.7.18.jar:/Users/Rashad_Javadov/.m2/repository/org/springframework/data/spring-data-commons/2.7.18/spring-data-commons-2.7.18.jar:/Users/Rashad_Javadov/.m2/repository/org/springframework/spring-orm/5.3.31/spring-orm-5.3.31.jar:/Users/Rashad_Javadov/.m2/repository/org/springframework/spring-tx/5.3.31/spring-tx-5.3.31.jar:/Users/Rashad_Javadov/.m2/repository/org/slf4j/slf4j-api/1.7.36/slf4j-api-1.7.36.jar:/Users/Rashad_Javadov/.m2/repository/org/springframework/spring-aspects/5.3.31/spring-aspects-5.3.31.jar:/Users/Rashad_Javadov/.m2/repository/com/h2database/h2/2.1.214/h2-2.1.214.jar:/Users/Rashad_Javadov/.m2/repository/org/springframework/boot/spring-boot-starter-test/2.7.18/spring-boot-starter-test-2.7.18.jar:/Users/Rashad_Javadov/.m2/repository/org/springframework/boot/spring-boot-test/2.7.18/spring-boot-test-2.7.18.jar:/Users/Rashad_Javadov/.m2/repository/org/springframework/boot/spring-boot-test-autoconfigure/2.7.18/spring-boot-test-autoconfigure-2.7.18.jar:/Users/Rashad_Javadov/.m2/repository/com/jayway/jsonpath/json-path/2.7.0/json-path-2.7.0.jar:/Users/Rashad_Javadov/.m2/repository/net/minidev/json-smart/2.4.11/json-smart-2.4.11.jar:/Users/Rashad_Javadov/.m2/repository/net/minidev/accessors-smart/2.4.11/accessors-smart-2.4.11.jar:/Users/Rashad_Javadov/.m2/repository/org/ow2/asm/asm/9.3/asm-9.3.jar:/Users/Rashad_Javadov/.m2/repository/jakarta/xml/bind/jakarta.xml.bind-api/2.3.3/jakarta.xml.bind-api-2.3.3.jar:/Users/Rashad_Javadov/.m2/repository/jakarta/activation/jakarta.activation-api/1.2.2/jakarta.activation-api-1.2.2.jar:/Users/Rashad_Javadov/.m2/repository/org/assertj/assertj-core/3.22.0/assertj-core-3.22.0.jar:/Users/Rashad_Javadov/.m2/repository/org/hamcrest/hamcrest/2.2/hamcrest-2.2.jar:/Users/Rashad_Javadov/.m2/repository/org/junit/jupiter/junit-jupiter/5.8.2/junit-jupiter-5.8.2.jar:/Users/Rashad_Javadov/.m2/repository/org/junit/jupiter/junit-jupiter-api/5.8.2/junit-jupiter-api-5.8.2.jar:/Users/Rashad_Javadov/.m2/repository/org/opentest4j/opentest4j/1.2.0/opentest4j-1.2.0.jar:/Users/Rashad_Javadov/.m2/repository/org/junit/platform/junit-platform-commons/1.8.2/junit-platform-commons-1.8.2.jar:/Users/Rashad_Javadov/.m2/repository/org/apiguardian/apiguardian-api/1.1.2/apiguardian-api-1.1.2.jar:/Users/Rashad_Javadov/.m2/repository/org/junit/jupiter/junit-jupiter-params/5.8.2/junit-jupiter-params-5.8.2.jar:/Users/Rashad_Javadov/.m2/repository/org/junit/jupiter/junit-jupiter-engine/5.8.2/junit-jupiter-engine-5.8.2.jar:/Users/Rashad_Javadov/.m2/repository/org/junit/platform/junit-platform-engine/1.8.2/junit-platform-engine-1.8.2.jar:/Users/Rashad_Javadov/.m2/repository/org/mockito/mockito-core/4.5.1/mockito-core-4.5.1.jar:/Users/Rashad_Javadov/.m2/repository/net/bytebuddy/byte-buddy-agent/1.12.23/byte-buddy-agent-1.12.23.jar:/Users/Rashad_Javadov/.m2/repository/org/objenesis/objenesis/3.2/objenesis-3.2.jar:/Users/Rashad_Javadov/.m2/repository/org/mockito/mockito-junit-jupiter/4.5.1/mockito-junit-jupiter-4.5.1.jar:/Users/Rashad_Javadov/.m2/repository/org/skyscreamer/jsonassert/1.5.1/jsonassert-1.5.1.jar:/Users/Rashad_Javadov/.m2/repository/com/vaadin/external/google/android-json/0.0.20131108.vaadin1/android-json-0.0.20131108.vaadin1.jar:/Users/Rashad_Javadov/.m2/repository/org/springframework/spring-core/5.3.31/spring-core-5.3.31.jar:/Users/Rashad_Javadov/.m2/repository/org/springframework/spring-jcl/5.3.31/spring-jcl-5.3.31.jar:/Users/Rashad_Javadov/.m2/repository/org/springframework/spring-test/5.3.31/spring-test-5.3.31.jar:/Users/Rashad_Javadov/.m2/repository/org/xmlunit/xmlunit-core/2.9.1/xmlunit-core-2.9.1.jar:"/>
    <property name="sun.cpu.endian" value="little"/>
    <property name="user.home" value="/Users/Rashad_Javadov"/>
    <property name="user.language" value="en"/>
    <property name="java.specification.vendor" value="Oracle Corporation"/>
    <property name="java.version.date" value="2025-04-15"/>
    <property name="java.home" value="/opt/homebrew/Cellar/openjdk/24.0.1/libexec/openjdk.jdk/Contents/Home"/>
    <property name="file.separator" value="/"/>
    <property name="basedir" value="/Users/Rashad_Javadov/events-backend"/>
    <property name="java.vm.compressedOopsMode" value="Zero based"/>
    <property name="line.separator" value="&#10;"/>
    <property name="java.specification.name" value="Java Platform API Specification"/>
    <property name="java.vm.specification.vendor" value="Oracle Corporation"/>
    <property name="apple.awt.application.name" value="ForkedBooter"/>
    <property name="surefire.real.class.path" value="/Users/Rashad_Javadov/events-backend/target/surefire/surefirebooter18027888339183033496.jar"/>
    <property name="sun.management.compiler" value="HotSpot 64-Bit Tiered Compilers"/>
    <property name="java.runtime.version" value="24.0.1"/>
    <property name="user.name" value="Rashad_Javadov"/>
    <property name="stdout.encoding" value="UTF-8"/>
    <property name="path.separator" value=":"/>
    <property name="os.version" value="15.5"/>
    <property name="java.runtime.name" value="OpenJDK Runtime Environment"/>
    <property name="file.encoding" value="UTF-8"/>
    <property name="java.vm.name" value="OpenJDK 64-Bit Server VM"/>
    <property name="java.vendor.version" value="Homebrew"/>
    <property name="localRepository" value="/Users/Rashad_Javadov/.m2/repository"/>
    <property name="java.vendor.url.bug" value="https://github.com/Homebrew/homebrew-core/issues"/>
    <property name="java.io.tmpdir" value="/var/folders/33/nm8tslx52_x4m3bd00f3l2m80000gn/T/"/>
    <property name="java.version" value="24.0.1"/>
    <property name="user.dir" value="/Users/Rashad_Javadov/events-backend"/>
    <property name="os.arch" value="aarch64"/>
    <property name="java.vm.specification.name" value="Java Virtual Machine Specification"/>
    <property name="native.encoding" value="UTF-8"/>
    <property name="java.library.path" value="/Users/Rashad_Javadov/Library/Java/Extensions:/Library/Java/Extensions:/Network/Library/Java/Extensions:/System/Library/Java/Extensions:/usr/lib/java:."/>
    <property name="java.vm.info" value="mixed mode, sharing"/>
    <property name="stderr.encoding" value="UTF-8"/>
    <property name="java.vendor" value="Homebrew"/>
    <property name="java.vm.version" value="24.0.1"/>
    <property name="sun.io.unicode.encoding" value="UnicodeBig"/>
    <property name="java.class.version" value="68.0"/>
  </properties>
  <testcase name="deleteCategory_WithInvalidId_ShouldThrowException" classname="com.example.eventsapp.controller.CategoryControllerTest" time="0.008">
    <error message="Request processing failed; nested exception is java.lang.RuntimeException: Category not found with id: 999" type="org.springframework.web.util.NestedServletException">org.springframework.web.util.NestedServletException: Request processing failed; nested exception is java.lang.RuntimeException: Category not found with id: 999
	at com.example.eventsapp.controller.CategoryControllerTest.deleteCategory_WithInvalidId_ShouldThrowException(CategoryControllerTest.java:149)
Caused by: java.lang.RuntimeException: Category not found with id: 999
	at com.example.eventsapp.controller.CategoryControllerTest.deleteCategory_WithInvalidId_ShouldThrowException(CategoryControllerTest.java:149)
</error>
    <system-out><![CDATA[&amp#27;[2m2025-06-29 19:44:32.936&amp#27;[0;39m &amp#27;[32m INFO&amp#27;[0;39m &amp#27;[35m240&amp#27;[0;39m &amp#27;[2m---&amp#27;[0;39m &amp#27;[2m[           main]&amp#27;[0;39m &amp#27;[36m.b.t.a.w.s.WebMvcTestContextBootstrapper&amp#27;[0;39m &amp#27;[2m:&amp#27;[0;39m Neither @ContextConfiguration nor @ContextHierarchy found for test class [com.example.eventsapp.controller.CategoryControllerTest], using SpringBootContextLoader
&amp#27;[2m2025-06-29 19:44:32.936&amp#27;[0;39m &amp#27;[32m INFO&amp#27;[0;39m &amp#27;[35m240&amp#27;[0;39m &amp#27;[2m---&amp#27;[0;39m &amp#27;[2m[           main]&amp#27;[0;39m &amp#27;[36mo.s.t.c.support.AbstractContextLoader   &amp#27;[0;39m &amp#27;[2m:&amp#27;[0;39m Could not detect default resource locations for test class [com.example.eventsapp.controller.CategoryControllerTest]: no resource found for suffixes {-context.xml, Context.groovy}.
&amp#27;[2m2025-06-29 19:44:32.936&amp#27;[0;39m &amp#27;[32m INFO&amp#27;[0;39m &amp#27;[35m240&amp#27;[0;39m &amp#27;[2m---&amp#27;[0;39m &amp#27;[2m[           main]&amp#27;[0;39m &amp#27;[36mt.c.s.AnnotationConfigContextLoaderUtils&amp#27;[0;39m &amp#27;[2m:&amp#27;[0;39m Could not detect default configuration classes for test class [com.example.eventsapp.controller.CategoryControllerTest]: CategoryControllerTest does not declare any static, non-private, non-final, nested classes annotated with @Configuration.
&amp#27;[2m2025-06-29 19:44:32.946&amp#27;[0;39m &amp#27;[32m INFO&amp#27;[0;39m &amp#27;[35m240&amp#27;[0;39m &amp#27;[2m---&amp#27;[0;39m &amp#27;[2m[           main]&amp#27;[0;39m &amp#27;[36m.b.t.c.SpringBootTestContextBootstrapper&amp#27;[0;39m &amp#27;[2m:&amp#27;[0;39m Found @SpringBootConfiguration com.example.eventsapp.App for test class com.example.eventsapp.controller.CategoryControllerTest
&amp#27;[2m2025-06-29 19:44:32.946&amp#27;[0;39m &amp#27;[32m INFO&amp#27;[0;39m &amp#27;[35m240&amp#27;[0;39m &amp#27;[2m---&amp#27;[0;39m &amp#27;[2m[           main]&amp#27;[0;39m &amp#27;[36m.b.t.a.w.s.WebMvcTestContextBootstrapper&amp#27;[0;39m &amp#27;[2m:&amp#27;[0;39m Loaded default TestExecutionListener class names from location [META-INF/spring.factories]: [org.springframework.boot.test.mock.mockito.MockitoTestExecutionListener, org.springframework.boot.test.mock.mockito.ResetMocksTestExecutionListener, org.springframework.boot.test.autoconfigure.restdocs.RestDocsTestExecutionListener, org.springframework.boot.test.autoconfigure.web.client.MockRestServiceServerResetTestExecutionListener, org.springframework.boot.test.autoconfigure.web.servlet.MockMvcPrintOnlyOnFailureTestExecutionListener, org.springframework.boot.test.autoconfigure.web.servlet.WebDriverTestExecutionListener, org.springframework.boot.test.autoconfigure.webservices.client.MockWebServiceServerTestExecutionListener, org.springframework.test.context.web.ServletTestExecutionListener, org.springframework.test.context.support.DirtiesContextBeforeModesTestExecutionListener, org.springframework.test.context.event.ApplicationEventsTestExecutionListener, org.springframework.test.context.support.DependencyInjectionTestExecutionListener, org.springframework.test.context.support.DirtiesContextTestExecutionListener, org.springframework.test.context.transaction.TransactionalTestExecutionListener, org.springframework.test.context.jdbc.SqlScriptsTestExecutionListener, org.springframework.test.context.event.EventPublishingTestExecutionListener]
&amp#27;[2m2025-06-29 19:44:32.947&amp#27;[0;39m &amp#27;[32m INFO&amp#27;[0;39m &amp#27;[35m240&amp#27;[0;39m &amp#27;[2m---&amp#27;[0;39m &amp#27;[2m[           main]&amp#27;[0;39m &amp#27;[36m.b.t.a.w.s.WebMvcTestContextBootstrapper&amp#27;[0;39m &amp#27;[2m:&amp#27;[0;39m Using TestExecutionListeners: [org.springframework.test.context.web.ServletTestExecutionListener@49b6373f, org.springframework.test.context.support.DirtiesContextBeforeModesTestExecutionListener@20f3291d, org.springframework.test.context.event.ApplicationEventsTestExecutionListener@2f51b100, org.springframework.boot.test.mock.mockito.MockitoTestExecutionListener@654dbb78, org.springframework.boot.test.autoconfigure.SpringBootDependencyInjectionTestExecutionListener@1dba7721, org.springframework.test.context.support.DirtiesContextTestExecutionListener@24381e4a, org.springframework.test.context.transaction.TransactionalTestExecutionListener@6c3627c, org.springframework.test.context.jdbc.SqlScriptsTestExecutionListener@e5d9fa7, org.springframework.test.context.event.EventPublishingTestExecutionListener@4010f232, org.springframework.boot.test.mock.mockito.ResetMocksTestExecutionListener@24be6e34, org.springframework.boot.test.autoconfigure.restdocs.RestDocsTestExecutionListener@39f3285d, org.springframework.boot.test.autoconfigure.web.client.MockRestServiceServerResetTestExecutionListener@5b312863, org.springframework.boot.test.autoconfigure.web.servlet.MockMvcPrintOnlyOnFailureTestExecutionListener@1cf7c055, org.springframework.boot.test.autoconfigure.web.servlet.WebDriverTestExecutionListener@4b6fc231, org.springframework.boot.test.autoconfigure.webservices.client.MockWebServiceServerTestExecutionListener@6b7ebac1]

  .   ____          _            __ _ _
 /\\ / ___'_ __ _ _(_)_ __  __ _ \ \ \ \
( ( )\___ | '_ | '_| | '_ \/ _` | \ \ \ \
 \\/  ___)| |_)| | | | | || (_| |  ) ) ) )
  '  |____| .__|_| |_|_| |_\__, | / / / /
 =========|_|==============|___/=/_/_/_/
&amp#27;[32m :: Spring Boot :: &amp#27;[39m             &amp#27;[2m (v2.7.18)&amp#27;[0;39m

&amp#27;[2m2025-06-29 19:44:32.955&amp#27;[0;39m &amp#27;[32m INFO&amp#27;[0;39m &amp#27;[35m240&amp#27;[0;39m &amp#27;[2m---&amp#27;[0;39m &amp#27;[2m[           main]&amp#27;[0;39m &amp#27;[36mc.e.e.controller.CategoryControllerTest &amp#27;[0;39m &amp#27;[2m:&amp#27;[0;39m Starting CategoryControllerTest using Java 24.0.1 on EPUSPRIW1067 with PID 240 (started by Rashad_Javadov in /Users/Rashad_Javadov/events-backend)
&amp#27;[2m2025-06-29 19:44:32.956&amp#27;[0;39m &amp#27;[32m INFO&amp#27;[0;39m &amp#27;[35m240&amp#27;[0;39m &amp#27;[2m---&amp#27;[0;39m &amp#27;[2m[           main]&amp#27;[0;39m &amp#27;[36mc.e.e.controller.CategoryControllerTest &amp#27;[0;39m &amp#27;[2m:&amp#27;[0;39m No active profile set, falling back to 1 default profile: "default"
&amp#27;[2m2025-06-29 19:44:33.100&amp#27;[0;39m &amp#27;[32m INFO&amp#27;[0;39m &amp#27;[35m240&amp#27;[0;39m &amp#27;[2m---&amp#27;[0;39m &amp#27;[2m[           main]&amp#27;[0;39m &amp#27;[36mo.s.b.t.m.w.SpringBootMockServletContext&amp#27;[0;39m &amp#27;[2m:&amp#27;[0;39m Initializing Spring TestDispatcherServlet ''
&amp#27;[2m2025-06-29 19:44:33.101&amp#27;[0;39m &amp#27;[32m INFO&amp#27;[0;39m &amp#27;[35m240&amp#27;[0;39m &amp#27;[2m---&amp#27;[0;39m &amp#27;[2m[           main]&amp#27;[0;39m &amp#27;[36mo.s.t.web.servlet.TestDispatcherServlet &amp#27;[0;39m &amp#27;[2m:&amp#27;[0;39m Initializing Servlet ''
&amp#27;[2m2025-06-29 19:44:33.101&amp#27;[0;39m &amp#27;[32m INFO&amp#27;[0;39m &amp#27;[35m240&amp#27;[0;39m &amp#27;[2m---&amp#27;[0;39m &amp#27;[2m[           main]&amp#27;[0;39m &amp#27;[36mo.s.t.web.servlet.TestDispatcherServlet &amp#27;[0;39m &amp#27;[2m:&amp#27;[0;39m Completed initialization in 0 ms
&amp#27;[2m2025-06-29 19:44:33.104&amp#27;[0;39m &amp#27;[32m INFO&amp#27;[0;39m &amp#27;[35m240&amp#27;[0;39m &amp#27;[2m---&amp#27;[0;39m &amp#27;[2m[           main]&amp#27;[0;39m &amp#27;[36mc.e.e.controller.CategoryControllerTest &amp#27;[0;39m &amp#27;[2m:&amp#27;[0;39m Started CategoryControllerTest in 0.156 seconds (JVM running for 3.021)
]]></system-out>
  </testcase>
  <testcase name="getCategoryByName_WithInvalidName_ShouldThrowException" classname="com.example.eventsapp.controller.CategoryControllerTest" time="0.002">
    <error message="Request processing failed; nested exception is java.lang.RuntimeException: Category not found with name: InvalidCategory" type="org.springframework.web.util.NestedServletException">org.springframework.web.util.NestedServletException: Request processing failed; nested exception is java.lang.RuntimeException: Category not found with name: InvalidCategory
	at com.example.eventsapp.controller.CategoryControllerTest.getCategoryByName_WithInvalidName_ShouldThrowException(CategoryControllerTest.java:90)
Caused by: java.lang.RuntimeException: Category not found with name: InvalidCategory
	at com.example.eventsapp.controller.CategoryControllerTest.getCategoryByName_WithInvalidName_ShouldThrowException(CategoryControllerTest.java:90)
</error>
  </testcase>
  <testcase name="getCategoryByName_WithValidName_ShouldReturnCategory" classname="com.example.eventsapp.controller.CategoryControllerTest" time="0.009"/>
  <testcase name="createCategory_WithValidCategory_ShouldReturnCreatedCategory" classname="com.example.eventsapp.controller.CategoryControllerTest" time="0.004"/>
  <testcase name="getCategory_WithValidId_ShouldReturnCategory" classname="com.example.eventsapp.controller.CategoryControllerTest" time="0.002"/>
  <testcase name="getAllCategories_ShouldReturnCategoriesList" classname="com.example.eventsapp.controller.CategoryControllerTest" time="0.003"/>
  <testcase name="getCategory_WithInvalidId_ShouldThrowException" classname="com.example.eventsapp.controller.CategoryControllerTest" time="0.001">
    <error message="Request processing failed; nested exception is java.lang.RuntimeException: Category not found with id: 999" type="org.springframework.web.util.NestedServletException">org.springframework.web.util.NestedServletException: Request processing failed; nested exception is java.lang.RuntimeException: Category not found with id: 999
	at com.example.eventsapp.controller.CategoryControllerTest.getCategory_WithInvalidId_ShouldThrowException(CategoryControllerTest.java:70)
Caused by: java.lang.RuntimeException: Category not found with id: 999
	at com.example.eventsapp.controller.CategoryControllerTest.getCategory_WithInvalidId_ShouldThrowException(CategoryControllerTest.java:70)
</error>
  </testcase>
  <testcase name="updateCategory_WithValidCategory_ShouldReturnUpdatedCategory" classname="com.example.eventsapp.controller.CategoryControllerTest" time="0.002"/>
  <testcase name="deleteCategory_WithValidId_ShouldReturnNoContent" classname="com.example.eventsapp.controller.CategoryControllerTest" time="0.002"/>
  <testcase name="updateCategory_WithInvalidId_ShouldThrowException" classname="com.example.eventsapp.controller.CategoryControllerTest" time="0.001">
    <error message="Request processing failed; nested exception is java.lang.RuntimeException: Category not found with id: 999" type="org.springframework.web.util.NestedServletException">org.springframework.web.util.NestedServletException: Request processing failed; nested exception is java.lang.RuntimeException: Category not found with id: 999
	at com.example.eventsapp.controller.CategoryControllerTest.updateCategory_WithInvalidId_ShouldThrowException(CategoryControllerTest.java:129)
Caused by: java.lang.RuntimeException: Category not found with id: 999
	at com.example.eventsapp.controller.CategoryControllerTest.updateCategory_WithInvalidId_ShouldThrowException(CategoryControllerTest.java:129)
</error>
  </testcase>
</testsuite>